<html>
<body>
<pre>
<h1>µVision Build Log</h1>
<h2>Tool Versions:</h2>
IDE-Version: µVision V5.25.3.0
Copyright (C) 2018 ARM Ltd and ARM Germany GmbH. All rights reserved.
License Information: Justin Lau, HKUST, LIC=GM7DL-096VC-5ADDG-VLQND-1GV9H-LE78X
 
Tool Versions:
Toolchain:       PK251 Prof. Developers Kit  Version: 5.60.0.0
Toolchain Path:  C:\Keil_v5\C251\BIN
C Compiler:      C251.exe V5.60.0.0
Assembler:       A251.exe V4.69.13.0
Linker/Locator:  L251.exe V4.66.93.0
Library Manager: LIB251.exe V4.30.1.0
Hex Converter:   OH251.exe V1.47.0.0
CPU DLL:         S251.DLL V3.129.0.0
Dialog DLL:      DCORE51.DLL V2.81.6.0 
<h2>Project:</h2>
C:\Users\justin\Documents\Program\robotics_team\China\air_cushion\demo.uvproj
Project File Date:  07/18/2025

<h2>Output:</h2>
Rebuild target 'Target_1'
compiling main.c...
compiling fan.c...
compiling isr.c...
compiling tick.c...
compiling imu.c...
compiling hmc5883l.c...
Src\hmc5883l.c(45): error C67: 'M_PI': undefined identifier
compiling pid.c...
Src\pid.c(33): error C25: syntax error near 'float'
Src\pid.c(37): error C25: syntax error near '->'
Src\pid.c(37): error C25: syntax error near '+='
Src\pid.c(37): error C25: syntax error near '10'
Src\pid.c(41): error C25: syntax error near '->'
Src\pid.c(48): error C25: syntax error near 'if'
Src\pid.c(48): error C25: syntax error near '<'
Src\pid.c(48): error C25: syntax error near '0.05'
Src\pid.c(49): error C53: redefinition of 'left_fan_speed'
Src\pid.c(50): error C25: syntax error near 'else'
Src\pid.c(50): error C25: syntax error near '>'
Src\pid.c(50): error C25: syntax error near '0.05'
Src\pid.c(50): error C7: compilation aborted
compiling task.c...
compiling board.c...
compiling common.c...
compiling zf_adc.c...
compiling zf_delay.c...
compiling zf_eeprom.c...
compiling zf_exti.c...
compiling zf_gpio.c...
compiling zf_nvic.c...
compiling zf_pwm.c...
compiling zf_spi.c...
compiling zf_tim.c...
compiling zf_uart.c...
compiling zf_fifo.c...
compiling zf_function.c...
compiling SEEKFREE_18TFT.c...
compiling SEEKFREE_BLE6A20.c...
compiling SEEKFREE_BLUETOOTH_CH9141.c...
compiling SEEKFREE_DL1A.c...
compiling SEEKFREE_DL1B.c...
compiling SEEKFREE_FONT.c...
compiling SEEKFREE_ICM20602.c...
compiling SEEKFREE_IMU660RA.c...
compiling SEEKFREE_IMU963RA.c...
compiling SEEKFREE_IPS114_SPI.c...
compiling SEEKFREE_MPU6050.c...
compiling SEEKFREE_OLED.c...
compiling SEEKFREE_PRINTF.c...
compiling SEEKFREE_TSL1401.c...
compiling SEEKFREE_VIRSCO.c...
compiling SEEKFREE_WIRELESS.c...
compiling SEEKFREE_GPS_TAU1201.c...
compiling seekfree_assistant.c...
compiling seekfree_assistant_inface.c...
Target not created.
Build Time Elapsed:  00:00:05
</pre>
</body>
</html>
